[2022-12-07 01:37:57] [ INFO ] [PacienteService:23] Se registró un nuevo paciente
[2022-12-07 01:37:57] [ INFO ] [OdontologoService:24] Se ha registrado exitosamente un nuevo odontólogo
[2022-12-07 01:37:57] [ INFO ] [TurnoService:35] Se registró un nuevo turno con id=null
[2022-12-07 01:37:57] [ INFO ] [TurnoService:48] Iniciando la búsqueda de un odontólogo con id=1
[2022-12-07 01:37:57] [ INFO ] [TurnoService:57] Iniciando la búsqueda de un paciente con id=1
[2022-12-07 01:37:57] [ INFO ] [TurnoService:66] Iniciando la búsqueda de todos los turnos
[2022-12-07 01:38:50] [ INFO ] [PacienteService:23] Se registró un nuevo paciente
[2022-12-07 01:38:50] [ INFO ] [OdontologoService:24] Se ha registrado exitosamente un nuevo odontólogo
[2022-12-07 01:38:50] [ INFO ] [TurnoService:35] Se registró un nuevo turno con id=null
[2022-12-07 01:38:50] [ INFO ] [TurnoService:41] Se encontró un turno con id=1
[2022-12-07 01:38:50] [ INFO ] [TurnoService:48] Iniciando la búsqueda de un odontólogo con id=1
[2022-12-07 01:38:50] [ INFO ] [TurnoService:57] Iniciando la búsqueda de un paciente con id=1
[2022-12-07 01:38:50] [ INFO ] [TurnoService:66] Iniciando la búsqueda de todos los turnos
[2022-12-07 01:38:50] [ INFO ] [TurnoService:41] Se encontró un turno con id=1
[2022-12-07 01:38:50] [ INFO ] [TurnoService:83] Se eliminó al turno con id=1
[2022-12-07 01:39:42] [ INFO ] [PacienteService:23] Se registró un nuevo paciente
[2022-12-07 01:39:43] [ INFO ] [PacienteService:43] Iniciando la búsqueda de pacientes con nombre Andrés y apellido Galván
[2022-12-07 01:39:43] [ INFO ] [PacienteService:47] Iniciando la búsqueda de todos los pacientes
[2022-12-07 01:39:43] [ INFO ] [PacienteService:52] Se actualizó al paciente con id=2
[2022-12-07 01:42:00] [ INFO ] [OdontologoService:24] Se ha registrado exitosamente un nuevo odontólogo
[2022-12-07 01:42:00] [ INFO ] [OdontologoService:44] Iniciando la búsqueda de un odontólogo con nombre Andrés y apellido Galván
[2022-12-07 01:42:00] [ INFO ] [OdontologoService:48] Iniciando la búsqueda de todos los odontólogos
[2022-12-07 01:42:00] [ INFO ] [OdontologoService:52] Iniciando la actualización del odontólogo con id=null
[2022-12-07 01:47:25] [ INFO ] [PacienteService:23] Se registró un nuevo paciente
[2022-12-07 01:47:25] [ INFO ] [PacienteService:43] Iniciando la búsqueda de pacientes con nombre Andrés y apellido Galván
[2022-12-07 01:47:25] [ INFO ] [PacienteService:47] Iniciando la búsqueda de todos los pacientes
[2022-12-07 01:47:25] [ INFO ] [PacienteService:52] Se actualizó al paciente con id=2
[2022-12-07 01:50:16] [ INFO ] [PacienteService:23] Se registró un nuevo paciente
[2022-12-07 01:50:17] [ INFO ] [PacienteService:43] Iniciando la búsqueda de pacientes con nombre Andrés y apellido Galván
[2022-12-07 01:50:17] [ INFO ] [PacienteService:47] Iniciando la búsqueda de todos los pacientes
[2022-12-07 01:50:17] [ INFO ] [PacienteService:52] Se actualizó al paciente con id=2
[2022-12-07 01:53:06] [ INFO ] [PacienteService:23] Se registró un nuevo paciente
[2022-12-07 01:53:07] [ INFO ] [PacienteService:43] Iniciando la búsqueda de pacientes con nombre Andrés y apellido Galván
[2022-12-07 01:53:07] [ INFO ] [PacienteService:47] Iniciando la búsqueda de todos los pacientes
[2022-12-07 01:53:07] [ INFO ] [PacienteService:52] Se actualizó al paciente con id=2
[2022-12-07 01:53:22] [ INFO ] [PacienteService:23] Se registró un nuevo paciente
[2022-12-07 01:53:22] [ INFO ] [PacienteService:43] Iniciando la búsqueda de pacientes con nombre Andrés y apellido Galván
[2022-12-07 01:53:22] [ INFO ] [PacienteService:47] Iniciando la búsqueda de todos los pacientes
[2022-12-07 01:53:22] [ INFO ] [PacienteService:52] Se actualizó al paciente con id=2
[2022-12-07 01:54:02] [ INFO ] [PacienteService:23] Se registró un nuevo paciente
[2022-12-07 01:54:02] [ INFO ] [PacienteService:43] Iniciando la búsqueda de pacientes con nombre Andrés y apellido Galván
[2022-12-07 01:54:02] [ INFO ] [PacienteService:47] Iniciando la búsqueda de todos los pacientes
[2022-12-07 01:54:02] [ INFO ] [PacienteService:52] Se actualizó al paciente con id=2
[2022-12-07 01:54:50] [ INFO ] [PacienteService:23] Se registró un nuevo paciente
[2022-12-07 01:54:50] [ INFO ] [PacienteService:43] Iniciando la búsqueda de pacientes con nombre Andrés y apellido Galván
[2022-12-07 01:54:50] [ INFO ] [PacienteService:47] Iniciando la búsqueda de todos los pacientes
[2022-12-07 01:54:50] [ INFO ] [PacienteService:52] Se actualizó al paciente con id=2
[2022-12-07 01:55:27] [ INFO ] [PacienteService:23] Se registró un nuevo paciente
[2022-12-07 01:55:27] [ INFO ] [PacienteService:43] Iniciando la búsqueda de pacientes con nombre Andrés y apellido Galván
[2022-12-07 01:55:27] [ INFO ] [PacienteService:47] Iniciando la búsqueda de todos los pacientes
[2022-12-07 01:55:27] [ INFO ] [PacienteService:52] Se actualizó al paciente con id=2
[2022-12-07 01:58:33] [ INFO ] [PacienteService:23] Se registró un nuevo paciente
[2022-12-07 01:58:33] [ INFO ] [PacienteService:23] Se registró un nuevo paciente
[2022-12-07 01:58:34] [ INFO ] [PacienteService:43] Iniciando la búsqueda de pacientes con nombre Andrés y apellido Galván
[2022-12-07 01:58:34] [ INFO ] [PacienteService:47] Iniciando la búsqueda de todos los pacientes
[2022-12-07 01:58:34] [ INFO ] [PacienteService:52] Se actualizó al paciente con id=3
[2022-12-07 01:59:20] [ INFO ] [PacienteService:23] Se registró un nuevo paciente
[2022-12-07 01:59:20] [ INFO ] [PacienteService:43] Iniciando la búsqueda de pacientes con nombre Andrés y apellido Galván
[2022-12-07 01:59:20] [ INFO ] [PacienteService:47] Iniciando la búsqueda de todos los pacientes
[2022-12-07 01:59:20] [ INFO ] [PacienteService:52] Se actualizó al paciente con id=2
[2022-12-07 01:59:43] [ INFO ] [PacienteService:23] Se registró un nuevo paciente
[2022-12-07 01:59:43] [ INFO ] [PacienteService:43] Iniciando la búsqueda de pacientes con nombre Andrés y apellido Galván
[2022-12-07 01:59:43] [ INFO ] [PacienteService:47] Iniciando la búsqueda de todos los pacientes
[2022-12-07 01:59:43] [ INFO ] [PacienteService:52] Se actualizó al paciente con id=2
[2022-12-07 02:00:03] [ INFO ] [PacienteService:23] Se registró un nuevo paciente
[2022-12-07 02:00:03] [ INFO ] [PacienteService:43] Iniciando la búsqueda de pacientes con nombre Andrés y apellido Galván
[2022-12-07 02:00:03] [ INFO ] [PacienteService:47] Iniciando la búsqueda de todos los pacientes
[2022-12-07 02:00:03] [ INFO ] [PacienteService:52] Se actualizó al paciente con id=2
[2022-12-07 12:43:36] [ INFO ] [PacienteService:23] Se registró un nuevo paciente
[2022-12-07 12:43:36] [ INFO ] [PacienteService:31] Iniciando la búsqueda de un paciente con id=1
[2022-12-07 12:43:36] [ INFO ] [PacienteService:39] Iniciando la búsqueda de un paciente con email=8il.andre@gmail.com
[2022-12-07 12:43:36] [ INFO ] [PacienteService:43] Iniciando la búsqueda de pacientes con nombre Andrés y apellido Galván
[2022-12-07 12:43:36] [ INFO ] [PacienteService:47] Iniciando la búsqueda de todos los pacientes
[2022-12-07 12:43:36] [ INFO ] [PacienteService:52] Se actualizó al paciente con id=2
[2022-12-07 12:43:36] [ INFO ] [PacienteService:31] Iniciando la búsqueda de un paciente con id=2
[2022-12-07 12:43:36] [ INFO ] [PacienteService:31] Iniciando la búsqueda de un paciente con id=1
[2022-12-07 12:43:36] [ INFO ] [PacienteService:59] Se eliminó al paciente con id=1
[2022-12-07 12:44:51] [ INFO ] [PacienteService:23] Se registró un nuevo paciente
[2022-12-07 12:44:51] [ INFO ] [PacienteService:31] Iniciando la búsqueda de un paciente con id=1
[2022-12-07 12:44:51] [ INFO ] [PacienteService:39] Iniciando la búsqueda de un paciente con email=8il.andre@gmail.com
[2022-12-07 12:44:51] [ INFO ] [PacienteService:43] Iniciando la búsqueda de pacientes con nombre Andrés y apellido Galván
[2022-12-07 12:44:51] [ INFO ] [PacienteService:47] Iniciando la búsqueda de todos los pacientes
[2022-12-07 12:44:51] [ INFO ] [PacienteService:52] Se actualizó al paciente con id=2
[2022-12-07 12:44:51] [ INFO ] [PacienteService:31] Iniciando la búsqueda de un paciente con id=2
[2022-12-07 12:44:51] [ INFO ] [PacienteService:31] Iniciando la búsqueda de un paciente con id=2
[2022-12-07 12:44:51] [ INFO ] [PacienteService:59] Se eliminó al paciente con id=2
[2022-12-07 12:56:18] [ INFO ] [PacienteService:23] Se registró un nuevo paciente
[2022-12-07 12:56:18] [ INFO ] [PacienteService:31] Iniciando la búsqueda de un paciente con id=1
[2022-12-07 12:56:18] [ INFO ] [PacienteService:39] Iniciando la búsqueda de un paciente con email=8il.andre@gmail.com
[2022-12-07 12:56:18] [ INFO ] [PacienteService:43] Iniciando la búsqueda de pacientes con nombre Andrés y apellido Galván
[2022-12-07 12:56:18] [ INFO ] [PacienteService:47] Iniciando la búsqueda de todos los pacientes
[2022-12-07 12:56:18] [ INFO ] [PacienteService:52] Se actualizó al paciente con id=2
[2022-12-07 12:56:18] [ INFO ] [PacienteService:31] Iniciando la búsqueda de un paciente con id=2
[2022-12-07 12:56:18] [ INFO ] [PacienteService:31] Iniciando la búsqueda de un paciente con id=1
[2022-12-07 12:56:18] [ INFO ] [PacienteService:57] Se ha iniciado la eliminación del Paciente con id: 1
[2022-12-07 12:57:53] [ INFO ] [PacienteService:23] Se registró un nuevo paciente
[2022-12-07 12:57:53] [ INFO ] [PacienteService:31] Iniciando la búsqueda de un paciente con id=1
[2022-12-07 12:57:53] [ INFO ] [PacienteService:39] Iniciando la búsqueda de un paciente con email=8il.andre@gmail.com
[2022-12-07 12:57:53] [ INFO ] [PacienteService:43] Iniciando la búsqueda de pacientes con nombre Andrés y apellido Galván
[2022-12-07 12:57:53] [ INFO ] [PacienteService:47] Iniciando la búsqueda de todos los pacientes
[2022-12-07 12:57:53] [ INFO ] [PacienteService:52] Se actualizó al paciente con id=2
[2022-12-07 12:57:53] [ INFO ] [PacienteService:31] Iniciando la búsqueda de un paciente con id=2
[2022-12-07 12:57:53] [ INFO ] [PacienteService:31] Iniciando la búsqueda de un paciente con id=1
[2022-12-07 12:57:54] [ INFO ] [PacienteService:57] Se eliminó al paciente con id=1
[2022-12-07 13:05:09] [ INFO ] [PacienteService:23] Se registró un nuevo paciente
[2022-12-07 13:05:09] [ INFO ] [PacienteService:31] Iniciando la búsqueda de un paciente con id=1
[2022-12-07 13:05:09] [ INFO ] [PacienteService:39] Iniciando la búsqueda de un paciente con email=8il.andre@gmail.com
[2022-12-07 13:05:09] [ INFO ] [PacienteService:43] Iniciando la búsqueda de pacientes con nombre Andrés y apellido Galván
[2022-12-07 13:05:09] [ INFO ] [PacienteService:47] Iniciando la búsqueda de todos los pacientes
[2022-12-07 13:05:09] [ INFO ] [PacienteService:52] Se actualizó al paciente con id=2
[2022-12-07 13:05:09] [ INFO ] [PacienteService:31] Iniciando la búsqueda de un paciente con id=2
[2022-12-07 13:05:09] [ INFO ] [PacienteService:31] Iniciando la búsqueda de un paciente con id=1
[2022-12-07 13:05:09] [ INFO ] [PacienteService:57] Se eliminó al paciente con id=1
[2022-12-07 13:05:17] [ INFO ] [PacienteService:23] Se registró un nuevo paciente
[2022-12-07 13:05:18] [ INFO ] [PacienteService:31] Iniciando la búsqueda de un paciente con id=1
[2022-12-07 13:05:18] [ INFO ] [PacienteService:39] Iniciando la búsqueda de un paciente con email=8il.andre@gmail.com
[2022-12-07 13:05:18] [ INFO ] [PacienteService:43] Iniciando la búsqueda de pacientes con nombre Andrés y apellido Galván
[2022-12-07 13:05:18] [ INFO ] [PacienteService:47] Iniciando la búsqueda de todos los pacientes
[2022-12-07 13:05:18] [ INFO ] [PacienteService:52] Se actualizó al paciente con id=2
[2022-12-07 13:05:18] [ INFO ] [PacienteService:31] Iniciando la búsqueda de un paciente con id=2
[2022-12-07 13:05:18] [ INFO ] [PacienteService:57] Se eliminó al paciente con id=1
[2022-12-07 13:08:07] [ INFO ] [PacienteService:23] Se registró un nuevo paciente
[2022-12-07 13:08:07] [ INFO ] [PacienteService:31] Iniciando la búsqueda de un paciente con id=1
[2022-12-07 13:08:07] [ INFO ] [PacienteService:39] Iniciando la búsqueda de un paciente con email=8il.andre@gmail.com
[2022-12-07 13:08:07] [ INFO ] [PacienteService:43] Iniciando la búsqueda de pacientes con nombre Andrés y apellido Galván
[2022-12-07 13:08:07] [ INFO ] [PacienteService:47] Iniciando la búsqueda de todos los pacientes
[2022-12-07 13:08:07] [ INFO ] [PacienteService:52] Se actualizó al paciente con id=2
[2022-12-07 13:08:07] [ INFO ] [PacienteService:31] Iniciando la búsqueda de un paciente con id=2
[2022-12-07 13:08:07] [ INFO ] [PacienteService:31] Iniciando la búsqueda de un paciente con id=1
[2022-12-07 13:08:07] [ INFO ] [PacienteService:57] Se eliminó al paciente con id=1
[2022-12-07 13:10:25] [ INFO ] [PacienteService:23] Se registró un nuevo paciente
[2022-12-07 13:10:25] [ INFO ] [PacienteService:31] Iniciando la búsqueda de un paciente con id=1
[2022-12-07 13:10:25] [ INFO ] [PacienteService:39] Iniciando la búsqueda de un paciente con email=8il.andre@gmail.com
[2022-12-07 13:10:25] [ INFO ] [PacienteService:43] Iniciando la búsqueda de pacientes con nombre Andrés y apellido Galván
[2022-12-07 13:10:25] [ INFO ] [PacienteService:47] Iniciando la búsqueda de todos los pacientes
[2022-12-07 13:10:25] [ INFO ] [PacienteService:52] Se actualizó al paciente con id=2
[2022-12-07 13:10:25] [ INFO ] [PacienteService:31] Iniciando la búsqueda de un paciente con id=2
[2022-12-07 13:10:25] [ INFO ] [PacienteService:31] Iniciando la búsqueda de un paciente con id=1
[2022-12-07 13:10:25] [ INFO ] [PacienteService:31] Iniciando la búsqueda de un paciente con id=1
[2022-12-07 13:10:25] [ INFO ] [PacienteService:57] Se eliminó al paciente con id=1
[2022-12-07 13:16:33] [ INFO ] [PacienteService:23] Se registró un nuevo paciente
[2022-12-07 13:16:33] [ INFO ] [PacienteService:31] Iniciando la búsqueda de un paciente con id=1
[2022-12-07 13:16:33] [ INFO ] [PacienteService:39] Iniciando la búsqueda de un paciente con email=8il.andre@gmail.com
[2022-12-07 13:16:33] [ INFO ] [PacienteService:43] Iniciando la búsqueda de pacientes con nombre Andrés y apellido Galván
[2022-12-07 13:16:33] [ INFO ] [PacienteService:47] Iniciando la búsqueda de todos los pacientes
[2022-12-07 13:16:33] [ INFO ] [PacienteService:52] Se actualizó al paciente con id=2
[2022-12-07 13:16:33] [ INFO ] [PacienteService:31] Iniciando la búsqueda de un paciente con id=2
[2022-12-07 13:16:33] [ INFO ] [PacienteService:31] Iniciando la búsqueda de un paciente con id=1
[2022-12-07 13:16:33] [ INFO ] [PacienteService:57] Se eliminó al paciente con id=1
[2022-12-07 13:17:09] [ INFO ] [PacienteService:23] Se registró un nuevo paciente
[2022-12-07 13:17:09] [ INFO ] [PacienteService:31] Iniciando la búsqueda de un paciente con id=1
[2022-12-07 13:17:09] [ INFO ] [PacienteService:39] Iniciando la búsqueda de un paciente con email=8il.andre@gmail.com
[2022-12-07 13:17:09] [ INFO ] [PacienteService:43] Iniciando la búsqueda de pacientes con nombre Andrés y apellido Galván
[2022-12-07 13:17:09] [ INFO ] [PacienteService:47] Iniciando la búsqueda de todos los pacientes
[2022-12-07 13:17:09] [ INFO ] [PacienteService:52] Se actualizó al paciente con id=2
[2022-12-07 13:17:09] [ INFO ] [PacienteService:31] Iniciando la búsqueda de un paciente con id=2
[2022-12-07 13:17:09] [ INFO ] [PacienteService:31] Iniciando la búsqueda de un paciente con id=1
[2022-12-07 13:17:09] [ INFO ] [PacienteService:57] Se eliminó al paciente con id=1
[2022-12-07 13:17:59] [ INFO ] [PacienteService:23] Se registró un nuevo paciente
[2022-12-07 13:17:59] [ INFO ] [PacienteService:31] Iniciando la búsqueda de un paciente con id=1
[2022-12-07 13:17:59] [ INFO ] [PacienteService:39] Iniciando la búsqueda de un paciente con email=8il.andre@gmail.com
[2022-12-07 13:17:59] [ INFO ] [PacienteService:43] Iniciando la búsqueda de pacientes con nombre Andrés y apellido Galván
[2022-12-07 13:17:59] [ INFO ] [PacienteService:47] Iniciando la búsqueda de todos los pacientes
[2022-12-07 13:17:59] [ INFO ] [PacienteService:52] Se actualizó al paciente con id=2
[2022-12-07 13:17:59] [ INFO ] [PacienteService:31] Iniciando la búsqueda de un paciente con id=2
[2022-12-07 13:17:59] [ INFO ] [PacienteService:31] Iniciando la búsqueda de un paciente con id=1
[2022-12-07 13:17:59] [ INFO ] [PacienteService:57] Se eliminó al paciente con id=1
[2022-12-07 13:18:39] [ INFO ] [PacienteService:23] Se registró un nuevo paciente
[2022-12-07 13:18:39] [ INFO ] [PacienteService:31] Iniciando la búsqueda de un paciente con id=1
[2022-12-07 13:18:39] [ INFO ] [PacienteService:39] Iniciando la búsqueda de un paciente con email=8il.andre@gmail.com
[2022-12-07 13:18:39] [ INFO ] [PacienteService:43] Iniciando la búsqueda de pacientes con nombre Andrés y apellido Galván
[2022-12-07 13:18:39] [ INFO ] [PacienteService:47] Iniciando la búsqueda de todos los pacientes
[2022-12-07 13:18:39] [ INFO ] [PacienteService:52] Se actualizó al paciente con id=2
[2022-12-07 13:18:39] [ INFO ] [PacienteService:31] Iniciando la búsqueda de un paciente con id=2
[2022-12-07 13:18:39] [ INFO ] [PacienteService:31] Iniciando la búsqueda de un paciente con id=1
[2022-12-07 13:18:39] [ INFO ] [PacienteService:57] Se eliminó al paciente con id=1
[2022-12-07 13:19:13] [ INFO ] [PacienteService:23] Se registró un nuevo paciente
[2022-12-07 13:19:14] [ INFO ] [PacienteService:31] Iniciando la búsqueda de un paciente con id=1
[2022-12-07 13:19:14] [ INFO ] [PacienteService:39] Iniciando la búsqueda de un paciente con email=8il.andre@gmail.com
[2022-12-07 13:19:14] [ INFO ] [PacienteService:43] Iniciando la búsqueda de pacientes con nombre Andrés y apellido Galván
[2022-12-07 13:19:14] [ INFO ] [PacienteService:47] Iniciando la búsqueda de todos los pacientes
[2022-12-07 13:19:14] [ INFO ] [PacienteService:52] Se actualizó al paciente con id=2
[2022-12-07 13:19:14] [ INFO ] [PacienteService:31] Iniciando la búsqueda de un paciente con id=2
[2022-12-07 13:19:14] [ INFO ] [PacienteService:31] Iniciando la búsqueda de un paciente con id=1
[2022-12-07 13:19:14] [ INFO ] [PacienteService:57] Se eliminó al paciente con id=1
[2022-12-07 13:54:25] [ INFO ] [PacienteService:23] Se registró un nuevo paciente
[2022-12-07 13:54:25] [ INFO ] [OdontologoService:24] Se ha registrado exitosamente un nuevo odontólogo
[2022-12-07 13:54:25] [ INFO ] [TurnoService:35] Se registró un nuevo turno con id=null
[2022-12-07 13:56:12] [ INFO ] [PacienteService:23] Se registró un nuevo paciente
[2022-12-07 13:56:12] [ INFO ] [OdontologoService:24] Se ha registrado exitosamente un nuevo odontólogo
[2022-12-07 13:56:12] [ INFO ] [TurnoService:35] Se registró un nuevo turno con id=null
[2022-12-07 13:56:12] [ INFO ] [TurnoService:66] Iniciando la búsqueda de todos los turnos
[2022-12-07 14:10:27] [ INFO ] [OdontologoService:24] Se ha registrado exitosamente un nuevo odontólogo
[2022-12-07 14:10:27] [ INFO ] [OdontologoService:32] Iniciando la búsqueda de un paciente con id=1
[2022-12-07 14:10:27] [ INFO ] [OdontologoService:44] Iniciando la búsqueda de un odontólogo con nombre Andrés y apellido Galván
[2022-12-07 14:10:27] [ INFO ] [OdontologoService:40] Iniciando la búsqueda de un odontólogo con matrícula=12345
[2022-12-07 14:10:27] [ INFO ] [OdontologoService:48] Iniciando la búsqueda de todos los odontólogos
[2022-12-07 14:10:27] [ INFO ] [OdontologoService:52] Iniciando la actualización del odontólogo con id=null
[2022-12-07 14:10:27] [ INFO ] [OdontologoService:32] Iniciando la búsqueda de un paciente con id=2
[2022-12-07 14:10:27] [ INFO ] [OdontologoService:32] Iniciando la búsqueda de un paciente con id=1
[2022-12-07 14:10:27] [ INFO ] [OdontologoService:58] Iniciando la eliminación del odontólogo con id=1
[2022-12-07 14:11:16] [ INFO ] [OdontologoService:24] Se ha registrado exitosamente un nuevo odontólogo
[2022-12-07 14:11:16] [ INFO ] [OdontologoService:32] Iniciando la búsqueda de un paciente con id=1
[2022-12-07 14:11:16] [ INFO ] [OdontologoService:44] Iniciando la búsqueda de un odontólogo con nombre Andrés y apellido Galván
[2022-12-07 14:11:16] [ INFO ] [OdontologoService:40] Iniciando la búsqueda de un odontólogo con matrícula=12345
[2022-12-07 14:11:16] [ INFO ] [OdontologoService:48] Iniciando la búsqueda de todos los odontólogos
[2022-12-07 14:11:16] [ INFO ] [OdontologoService:52] Iniciando la actualización del odontólogo con id=null
[2022-12-07 14:11:16] [ INFO ] [OdontologoService:32] Iniciando la búsqueda de un paciente con id=2
[2022-12-07 14:11:16] [ INFO ] [OdontologoService:32] Iniciando la búsqueda de un paciente con id=1
[2022-12-07 14:11:16] [ INFO ] [OdontologoService:58] Iniciando la eliminación del odontólogo con id=1
[2022-12-07 14:11:35] [ INFO ] [OdontologoService:24] Se ha registrado exitosamente un nuevo odontólogo
[2022-12-07 14:11:35] [ INFO ] [OdontologoService:32] Iniciando la búsqueda de un paciente con id=1
[2022-12-07 14:11:35] [ INFO ] [OdontologoService:44] Iniciando la búsqueda de un odontólogo con nombre Andrés y apellido Galván
[2022-12-07 14:11:35] [ INFO ] [OdontologoService:40] Iniciando la búsqueda de un odontólogo con matrícula=12345
[2022-12-07 14:11:35] [ INFO ] [OdontologoService:48] Iniciando la búsqueda de todos los odontólogos
[2022-12-07 14:11:35] [ INFO ] [OdontologoService:52] Iniciando la actualización del odontólogo con id=null
[2022-12-07 14:11:35] [ INFO ] [OdontologoService:32] Iniciando la búsqueda de un paciente con id=2
[2022-12-07 14:11:35] [ INFO ] [OdontologoService:32] Iniciando la búsqueda de un paciente con id=1
[2022-12-07 14:11:35] [ INFO ] [OdontologoService:58] Iniciando la eliminación del odontólogo con id=1
[2022-12-07 14:11:54] [ INFO ] [PacienteService:23] Se registró un nuevo paciente
[2022-12-07 14:11:55] [ INFO ] [PacienteService:31] Iniciando la búsqueda de un paciente con id=1
[2022-12-07 14:11:55] [ INFO ] [PacienteService:39] Iniciando la búsqueda de un paciente con email=8il.andre@gmail.com
[2022-12-07 14:11:55] [ INFO ] [PacienteService:43] Iniciando la búsqueda de pacientes con nombre Andrés y apellido Galván
[2022-12-07 14:11:55] [ INFO ] [PacienteService:47] Iniciando la búsqueda de todos los pacientes
[2022-12-07 14:11:55] [ INFO ] [PacienteService:52] Se actualizó al paciente con id=2
[2022-12-07 14:11:55] [ INFO ] [PacienteService:31] Iniciando la búsqueda de un paciente con id=2
[2022-12-07 14:11:55] [ INFO ] [PacienteService:31] Iniciando la búsqueda de un paciente con id=1
[2022-12-07 14:11:55] [ INFO ] [PacienteService:57] Se eliminó al paciente con id=1
[2022-12-10 21:15:28] [ INFO ] [OdontologoService:25] Se ha registrado exitosamente un nuevo odontólogo
[2022-12-10 21:15:28] [ INFO ] [OdontologoService:33] Iniciando la búsqueda de un paciente con id=1
[2022-12-10 21:15:28] [ INFO ] [OdontologoService:45] Iniciando la búsqueda de un odontólogo con nombre Andrés y apellido Galván
[2022-12-10 21:15:28] [ INFO ] [OdontologoService:41] Iniciando la búsqueda de un odontólogo con matrícula=12345
[2022-12-10 21:15:28] [ INFO ] [OdontologoService:49] Iniciando la búsqueda de todos los odontólogos
[2022-12-10 21:15:28] [ INFO ] [OdontologoService:33] Iniciando la búsqueda de un paciente con id=1
[2022-12-10 21:15:28] [ INFO ] [OdontologoService:60] Iniciando la eliminación del odontólogo con id=1
[2022-12-10 21:16:26] [ INFO ] [PacienteService:23] Se registró un nuevo paciente
[2022-12-10 21:16:26] [ INFO ] [PacienteService:31] Iniciando la búsqueda de un paciente con id=1
[2022-12-10 21:16:26] [ INFO ] [PacienteService:39] Iniciando la búsqueda de un paciente con email=8il.andre@gmail.com
[2022-12-10 21:16:26] [ INFO ] [PacienteService:43] Iniciando la búsqueda de pacientes con nombre Andrés y apellido Galván
[2022-12-10 21:16:26] [ INFO ] [PacienteService:47] Iniciando la búsqueda de todos los pacientes
[2022-12-10 21:16:27] [ INFO ] [PacienteService:31] Iniciando la búsqueda de un paciente con id=1
[2022-12-10 21:16:27] [ INFO ] [PacienteService:58] Se eliminó al paciente con id=1
[2022-12-10 21:17:26] [ INFO ] [OdontologoService:25] Se ha registrado exitosamente un nuevo odontólogo
[2022-12-10 21:17:26] [ INFO ] [OdontologoService:33] Iniciando la búsqueda de un paciente con id=1
[2022-12-10 21:17:26] [ INFO ] [OdontologoService:45] Iniciando la búsqueda de un odontólogo con nombre Andrés y apellido Galván
[2022-12-10 21:17:26] [ INFO ] [OdontologoService:41] Iniciando la búsqueda de un odontólogo con matrícula=12345
[2022-12-10 21:17:26] [ INFO ] [OdontologoService:49] Iniciando la búsqueda de todos los odontólogos
[2022-12-10 21:17:26] [ INFO ] [OdontologoService:25] Se ha registrado exitosamente un nuevo odontólogo
[2022-12-10 21:17:26] [ INFO ] [OdontologoService:33] Iniciando la búsqueda de un paciente con id=2
[2022-12-10 21:17:26] [ INFO ] [OdontologoService:55] Iniciando la actualización del odontólogo con id=2
[2022-12-10 21:17:26] [ INFO ] [OdontologoService:33] Iniciando la búsqueda de un paciente con id=2
[2022-12-10 21:17:26] [ INFO ] [OdontologoService:33] Iniciando la búsqueda de un paciente con id=1
[2022-12-10 21:17:26] [ INFO ] [OdontologoService:60] Iniciando la eliminación del odontólogo con id=1
[2022-12-10 21:17:49] [ INFO ] [PacienteService:23] Se registró un nuevo paciente
[2022-12-10 21:17:49] [ INFO ] [PacienteService:31] Iniciando la búsqueda de un paciente con id=1
[2022-12-10 21:17:49] [ INFO ] [PacienteService:39] Iniciando la búsqueda de un paciente con email=8il.andre@gmail.com
[2022-12-10 21:17:49] [ INFO ] [PacienteService:43] Iniciando la búsqueda de pacientes con nombre Andrés y apellido Galván
[2022-12-10 21:17:49] [ INFO ] [PacienteService:47] Iniciando la búsqueda de todos los pacientes
[2022-12-10 21:17:49] [ INFO ] [PacienteService:23] Se registró un nuevo paciente
[2022-12-10 21:17:49] [ INFO ] [PacienteService:31] Iniciando la búsqueda de un paciente con id=2
[2022-12-10 21:17:49] [ INFO ] [PacienteService:53] Se actualizó al paciente con id=2
[2022-12-10 21:17:49] [ INFO ] [PacienteService:31] Iniciando la búsqueda de un paciente con id=2
[2022-12-10 21:17:49] [ INFO ] [PacienteService:31] Iniciando la búsqueda de un paciente con id=1
[2022-12-10 21:17:49] [ INFO ] [PacienteService:58] Se eliminó al paciente con id=1
[2022-12-10 21:19:02] [ INFO ] [PacienteService:23] Se registró un nuevo paciente
[2022-12-10 21:19:02] [ INFO ] [OdontologoService:25] Se ha registrado exitosamente un nuevo odontólogo
[2022-12-10 21:19:02] [ INFO ] [TurnoService:42] Se registró un nuevo turno con id=null
[2022-12-10 21:19:02] [ INFO ] [PacienteService:31] Iniciando la búsqueda de un paciente con id=1
[2022-12-10 21:19:02] [ INFO ] [OdontologoService:33] Iniciando la búsqueda de un paciente con id=1
[2022-12-10 21:19:02] [ INFO ] [TurnoService:52] Se encontró un turno con id=1
[2022-12-10 21:19:02] [ INFO ] [TurnoService:62] Iniciando la búsqueda de un odontólogo con id=1
[2022-12-10 21:19:02] [ INFO ] [TurnoService:71] Iniciando la búsqueda de un paciente con id=1
[2022-12-10 21:19:02] [ INFO ] [TurnoService:80] Iniciando la búsqueda de todos los turnos
[2022-12-10 21:19:02] [ INFO ] [OdontologoService:25] Se ha registrado exitosamente un nuevo odontólogo
[2022-12-10 21:19:02] [ INFO ] [PacienteService:31] Iniciando la búsqueda de un paciente con id=1
[2022-12-10 21:19:02] [ INFO ] [OdontologoService:33] Iniciando la búsqueda de un paciente con id=1
[2022-12-10 21:19:02] [ INFO ] [TurnoService:52] Se encontró un turno con id=1
[2022-12-10 21:19:02] [ INFO ] [TurnoService:96] Se eliminó al turno con id=1
[2022-12-10 21:21:16] [ INFO ] [PacienteService:23] Se registró un nuevo paciente
[2022-12-10 21:21:16] [ INFO ] [OdontologoService:25] Se ha registrado exitosamente un nuevo odontólogo
[2022-12-10 21:21:16] [ INFO ] [TurnoService:42] Se registró un nuevo turno con id=null
[2022-12-10 21:21:26] [ INFO ] [PacienteService:23] Se registró un nuevo paciente
[2022-12-10 21:21:26] [ INFO ] [OdontologoService:25] Se ha registrado exitosamente un nuevo odontólogo
[2022-12-10 21:21:26] [ INFO ] [TurnoService:42] Se registró un nuevo turno con id=null
[2022-12-10 21:21:26] [ INFO ] [PacienteService:31] Iniciando la búsqueda de un paciente con id=1
[2022-12-10 21:21:26] [ INFO ] [OdontologoService:33] Iniciando la búsqueda de un paciente con id=1
[2022-12-10 21:21:26] [ INFO ] [TurnoService:52] Se encontró un turno con id=1
[2022-12-10 21:21:26] [ INFO ] [TurnoService:62] Iniciando la búsqueda de un odontólogo con id=1
[2022-12-10 21:21:26] [ INFO ] [TurnoService:71] Iniciando la búsqueda de un paciente con id=1
[2022-12-10 21:21:26] [ INFO ] [TurnoService:80] Iniciando la búsqueda de todos los turnos
[2022-12-10 21:21:26] [ INFO ] [OdontologoService:25] Se ha registrado exitosamente un nuevo odontólogo
[2022-12-10 21:21:26] [ INFO ] [PacienteService:31] Iniciando la búsqueda de un paciente con id=1
[2022-12-10 21:21:26] [ INFO ] [OdontologoService:33] Iniciando la búsqueda de un paciente con id=1
[2022-12-10 21:21:26] [ INFO ] [TurnoService:52] Se encontró un turno con id=1
[2022-12-10 21:21:26] [ INFO ] [TurnoService:96] Se eliminó al turno con id=1
[2022-12-10 21:31:34] [ INFO ] [PacienteService:23] Se registró un nuevo paciente
[2022-12-10 21:31:34] [ INFO ] [PacienteService:31] Iniciando la búsqueda de un paciente con id=1
[2022-12-10 21:31:34] [ INFO ] [PacienteService:39] Iniciando la búsqueda de un paciente con email=8il.andre@gmail.com
[2022-12-10 21:31:34] [ INFO ] [PacienteService:43] Iniciando la búsqueda de pacientes con nombre Andrés y apellido Galván
[2022-12-10 21:31:34] [ INFO ] [PacienteService:47] Iniciando la búsqueda de todos los pacientes
[2022-12-10 21:31:34] [ INFO ] [PacienteService:23] Se registró un nuevo paciente
[2022-12-10 21:31:34] [ INFO ] [PacienteService:31] Iniciando la búsqueda de un paciente con id=2
[2022-12-10 21:31:34] [ INFO ] [PacienteService:53] Se actualizó al paciente con id=2
[2022-12-10 21:31:34] [ INFO ] [PacienteService:31] Iniciando la búsqueda de un paciente con id=2
[2022-12-10 21:31:34] [ INFO ] [PacienteService:31] Iniciando la búsqueda de un paciente con id=1
[2022-12-10 21:31:34] [ INFO ] [PacienteService:58] Se eliminó al paciente con id=1
[2022-12-10 21:32:58] [ INFO ] [PacienteService:23] Se registró un nuevo paciente
[2022-12-10 21:32:58] [ INFO ] [PacienteService:31] Iniciando la búsqueda de un paciente con id=1
[2022-12-10 21:32:58] [ INFO ] [PacienteService:39] Iniciando la búsqueda de un paciente con email=8il.andre@gmail.com
[2022-12-10 21:32:58] [ INFO ] [PacienteService:43] Iniciando la búsqueda de pacientes con nombre Andrés y apellido Galván
[2022-12-10 21:32:58] [ INFO ] [PacienteService:47] Iniciando la búsqueda de todos los pacientes
[2022-12-10 21:32:58] [ INFO ] [PacienteService:23] Se registró un nuevo paciente
[2022-12-10 21:32:58] [ INFO ] [PacienteService:31] Iniciando la búsqueda de un paciente con id=1
[2022-12-10 21:32:58] [ INFO ] [PacienteService:53] Se actualizó al paciente con id=1
[2022-12-10 21:32:58] [ INFO ] [PacienteService:31] Iniciando la búsqueda de un paciente con id=1
[2022-12-10 21:32:58] [ INFO ] [PacienteService:31] Iniciando la búsqueda de un paciente con id=1
[2022-12-10 21:32:58] [ INFO ] [PacienteService:58] Se eliminó al paciente con id=1
[2022-12-10 21:50:44] [ INFO ] [PacienteService:23] Se registró un nuevo paciente
[2022-12-10 21:50:44] [ INFO ] [OdontologoService:25] Se ha registrado exitosamente un nuevo odontólogo
[2022-12-10 21:50:44] [ INFO ] [TurnoService:42] Se registró un nuevo turno con id=null
[2022-12-10 21:50:44] [ INFO ] [PacienteService:31] Iniciando la búsqueda de un paciente con id=1
[2022-12-10 21:50:44] [ INFO ] [OdontologoService:33] Iniciando la búsqueda de un paciente con id=1
[2022-12-10 21:50:44] [ INFO ] [TurnoService:52] Se encontró un turno con id=1
[2022-12-10 21:50:44] [ INFO ] [TurnoService:62] Iniciando la búsqueda de un odontólogo con id=1
[2022-12-10 21:50:44] [ INFO ] [TurnoService:71] Iniciando la búsqueda de un paciente con id=1
[2022-12-10 21:50:44] [ INFO ] [TurnoService:80] Iniciando la búsqueda de todos los turnos
[2022-12-10 21:50:44] [ INFO ] [PacienteService:23] Se registró un nuevo paciente
[2022-12-10 21:50:44] [ INFO ] [OdontologoService:25] Se ha registrado exitosamente un nuevo odontólogo
[2022-12-10 21:50:44] [ INFO ] [TurnoService:42] Se registró un nuevo turno con id=1
[2022-12-10 21:50:44] [ INFO ] [PacienteService:31] Iniciando la búsqueda de un paciente con id=1
[2022-12-10 21:50:44] [ INFO ] [OdontologoService:33] Iniciando la búsqueda de un paciente con id=1
[2022-12-10 21:50:44] [ INFO ] [TurnoService:52] Se encontró un turno con id=1
[2022-12-10 21:50:44] [ INFO ] [TurnoService:91] Iniciando la actualización del turno con id=1
[2022-12-10 21:50:44] [ INFO ] [PacienteService:31] Iniciando la búsqueda de un paciente con id=1
[2022-12-10 21:50:44] [ INFO ] [OdontologoService:33] Iniciando la búsqueda de un paciente con id=1
[2022-12-10 21:50:44] [ INFO ] [TurnoService:52] Se encontró un turno con id=1
[2022-12-10 21:50:44] [ INFO ] [PacienteService:31] Iniciando la búsqueda de un paciente con id=1
[2022-12-10 21:50:44] [ INFO ] [OdontologoService:33] Iniciando la búsqueda de un paciente con id=1
[2022-12-10 21:50:44] [ INFO ] [TurnoService:52] Se encontró un turno con id=1
[2022-12-10 21:50:44] [ INFO ] [TurnoService:96] Se eliminó al turno con id=1
[2022-12-10 21:51:17] [ INFO ] [PacienteService:23] Se registró un nuevo paciente
[2022-12-10 21:51:17] [ INFO ] [OdontologoService:25] Se ha registrado exitosamente un nuevo odontólogo
[2022-12-10 21:51:17] [ INFO ] [TurnoService:42] Se registró un nuevo turno con id=null
[2022-12-10 21:51:17] [ INFO ] [PacienteService:31] Iniciando la búsqueda de un paciente con id=1
[2022-12-10 21:51:17] [ INFO ] [OdontologoService:33] Iniciando la búsqueda de un paciente con id=1
[2022-12-10 21:51:17] [ INFO ] [TurnoService:52] Se encontró un turno con id=1
[2022-12-10 21:51:17] [ INFO ] [TurnoService:62] Iniciando la búsqueda de un odontólogo con id=1
[2022-12-10 21:51:18] [ INFO ] [TurnoService:71] Iniciando la búsqueda de un paciente con id=1
[2022-12-10 21:51:18] [ INFO ] [TurnoService:80] Iniciando la búsqueda de todos los turnos
[2022-12-10 21:51:18] [ INFO ] [PacienteService:23] Se registró un nuevo paciente
[2022-12-10 21:51:18] [ INFO ] [OdontologoService:25] Se ha registrado exitosamente un nuevo odontólogo
[2022-12-10 21:51:18] [ INFO ] [TurnoService:42] Se registró un nuevo turno con id=1
[2022-12-10 21:51:18] [ INFO ] [PacienteService:31] Iniciando la búsqueda de un paciente con id=1
[2022-12-10 21:51:18] [ INFO ] [OdontologoService:33] Iniciando la búsqueda de un paciente con id=1
[2022-12-10 21:51:18] [ INFO ] [TurnoService:52] Se encontró un turno con id=1
[2022-12-10 21:51:18] [ INFO ] [TurnoService:91] Iniciando la actualización del turno con id=1
[2022-12-10 21:51:18] [ INFO ] [PacienteService:31] Iniciando la búsqueda de un paciente con id=1
[2022-12-10 21:51:18] [ INFO ] [OdontologoService:33] Iniciando la búsqueda de un paciente con id=1
[2022-12-10 21:51:18] [ INFO ] [TurnoService:52] Se encontró un turno con id=1
[2022-12-10 21:51:18] [ INFO ] [PacienteService:31] Iniciando la búsqueda de un paciente con id=1
[2022-12-10 21:51:18] [ INFO ] [OdontologoService:33] Iniciando la búsqueda de un paciente con id=1
[2022-12-10 21:51:18] [ INFO ] [TurnoService:52] Se encontró un turno con id=1
[2022-12-10 21:51:18] [ INFO ] [TurnoService:96] Se eliminó al turno con id=1
[2022-12-10 21:54:13] [ INFO ] [PacienteService:23] Se registró un nuevo paciente
[2022-12-10 21:54:13] [ INFO ] [OdontologoService:25] Se ha registrado exitosamente un nuevo odontólogo
[2022-12-10 21:54:13] [ INFO ] [TurnoService:42] Se registró un nuevo turno con id=null
[2022-12-10 21:54:13] [ INFO ] [PacienteService:31] Iniciando la búsqueda de un paciente con id=1
[2022-12-10 21:54:13] [ INFO ] [OdontologoService:33] Iniciando la búsqueda de un paciente con id=1
[2022-12-10 21:54:13] [ INFO ] [TurnoService:52] Se encontró un turno con id=1
[2022-12-10 21:54:13] [ INFO ] [TurnoService:62] Iniciando la búsqueda de un odontólogo con id=1
[2022-12-10 21:54:13] [ INFO ] [TurnoService:71] Iniciando la búsqueda de un paciente con id=1
[2022-12-10 21:54:13] [ INFO ] [TurnoService:80] Iniciando la búsqueda de todos los turnos
[2022-12-10 21:54:13] [ INFO ] [PacienteService:23] Se registró un nuevo paciente
[2022-12-10 21:54:13] [ INFO ] [OdontologoService:25] Se ha registrado exitosamente un nuevo odontólogo
[2022-12-10 21:54:13] [ INFO ] [TurnoService:42] Se registró un nuevo turno con id=1
[2022-12-10 21:54:13] [ INFO ] [PacienteService:31] Iniciando la búsqueda de un paciente con id=1
[2022-12-10 21:54:13] [ INFO ] [OdontologoService:33] Iniciando la búsqueda de un paciente con id=1
[2022-12-10 21:54:13] [ INFO ] [TurnoService:52] Se encontró un turno con id=1
[2022-12-10 21:54:13] [ INFO ] [TurnoService:91] Iniciando la actualización del turno con id=1
[2022-12-10 21:54:13] [ INFO ] [PacienteService:31] Iniciando la búsqueda de un paciente con id=1
[2022-12-10 21:54:13] [ INFO ] [OdontologoService:33] Iniciando la búsqueda de un paciente con id=1
[2022-12-10 21:54:13] [ INFO ] [TurnoService:52] Se encontró un turno con id=1
[2022-12-10 21:54:13] [ INFO ] [PacienteService:31] Iniciando la búsqueda de un paciente con id=1
[2022-12-10 21:54:13] [ INFO ] [OdontologoService:33] Iniciando la búsqueda de un paciente con id=1
[2022-12-10 21:54:13] [ INFO ] [TurnoService:52] Se encontró un turno con id=1
[2022-12-10 21:54:13] [ INFO ] [TurnoService:96] Se eliminó al turno con id=1
[2022-12-10 21:56:31] [ INFO ] [PacienteService:23] Se registró un nuevo paciente
[2022-12-10 21:56:31] [ INFO ] [OdontologoService:25] Se ha registrado exitosamente un nuevo odontólogo
[2022-12-10 21:56:31] [ INFO ] [TurnoService:42] Se registró un nuevo turno con id=null
[2022-12-10 21:56:31] [ INFO ] [PacienteService:31] Iniciando la búsqueda de un paciente con id=1
[2022-12-10 21:56:31] [ INFO ] [OdontologoService:33] Iniciando la búsqueda de un paciente con id=1
[2022-12-10 21:56:31] [ INFO ] [TurnoService:52] Se encontró un turno con id=1
[2022-12-10 21:56:31] [ INFO ] [TurnoService:62] Iniciando la búsqueda de un odontólogo con id=1
[2022-12-10 21:56:31] [ INFO ] [TurnoService:71] Iniciando la búsqueda de un paciente con id=1
[2022-12-10 21:56:31] [ INFO ] [TurnoService:80] Iniciando la búsqueda de todos los turnos
[2022-12-10 21:56:31] [ INFO ] [PacienteService:23] Se registró un nuevo paciente
[2022-12-10 21:56:31] [ INFO ] [OdontologoService:25] Se ha registrado exitosamente un nuevo odontólogo
[2022-12-10 21:56:31] [ INFO ] [TurnoService:42] Se registró un nuevo turno con id=1
[2022-12-10 21:56:31] [ INFO ] [PacienteService:31] Iniciando la búsqueda de un paciente con id=1
[2022-12-10 21:56:31] [ INFO ] [OdontologoService:33] Iniciando la búsqueda de un paciente con id=1
[2022-12-10 21:56:31] [ INFO ] [TurnoService:52] Se encontró un turno con id=1
[2022-12-10 21:56:31] [ INFO ] [TurnoService:91] Iniciando la actualización del turno con id=1
[2022-12-10 21:56:31] [ INFO ] [PacienteService:31] Iniciando la búsqueda de un paciente con id=1
[2022-12-10 21:56:31] [ INFO ] [OdontologoService:33] Iniciando la búsqueda de un paciente con id=1
[2022-12-10 21:56:31] [ INFO ] [TurnoService:52] Se encontró un turno con id=1
[2022-12-10 21:56:31] [ INFO ] [PacienteService:31] Iniciando la búsqueda de un paciente con id=1
[2022-12-10 21:56:31] [ INFO ] [OdontologoService:33] Iniciando la búsqueda de un paciente con id=1
[2022-12-10 21:56:31] [ INFO ] [TurnoService:52] Se encontró un turno con id=1
[2022-12-10 21:56:31] [ INFO ] [TurnoService:96] Se eliminó al turno con id=1
[2022-12-10 22:00:26] [ INFO ] [PacienteService:23] Se registró un nuevo paciente
[2022-12-10 22:00:26] [ INFO ] [OdontologoService:25] Se ha registrado exitosamente un nuevo odontólogo
[2022-12-10 22:00:26] [ INFO ] [TurnoService:42] Se registró un nuevo turno con id=null
[2022-12-10 22:00:26] [ INFO ] [PacienteService:31] Iniciando la búsqueda de un paciente con id=1
[2022-12-10 22:00:26] [ INFO ] [OdontologoService:33] Iniciando la búsqueda de un paciente con id=1
[2022-12-10 22:00:26] [ INFO ] [TurnoService:52] Se encontró un turno con id=1
[2022-12-10 22:00:26] [ INFO ] [TurnoService:62] Iniciando la búsqueda de un odontólogo con id=1
[2022-12-10 22:00:26] [ INFO ] [TurnoService:71] Iniciando la búsqueda de un paciente con id=1
[2022-12-10 22:00:26] [ INFO ] [TurnoService:80] Iniciando la búsqueda de todos los turnos
[2022-12-10 22:00:26] [ INFO ] [PacienteService:23] Se registró un nuevo paciente
[2022-12-10 22:00:26] [ INFO ] [OdontologoService:25] Se ha registrado exitosamente un nuevo odontólogo
[2022-12-10 22:00:26] [ INFO ] [TurnoService:42] Se registró un nuevo turno con id=1
[2022-12-10 22:00:26] [ INFO ] [PacienteService:31] Iniciando la búsqueda de un paciente con id=1
[2022-12-10 22:00:26] [ INFO ] [OdontologoService:33] Iniciando la búsqueda de un paciente con id=1
[2022-12-10 22:00:26] [ INFO ] [TurnoService:52] Se encontró un turno con id=1
[2022-12-10 22:00:26] [ INFO ] [TurnoService:91] Iniciando la actualización del turno con id=1
[2022-12-10 22:00:26] [ INFO ] [PacienteService:31] Iniciando la búsqueda de un paciente con id=1
[2022-12-10 22:00:26] [ INFO ] [OdontologoService:33] Iniciando la búsqueda de un paciente con id=1
[2022-12-10 22:00:26] [ INFO ] [TurnoService:52] Se encontró un turno con id=1
[2022-12-10 22:00:26] [ INFO ] [PacienteService:31] Iniciando la búsqueda de un paciente con id=1
[2022-12-10 22:00:26] [ INFO ] [OdontologoService:33] Iniciando la búsqueda de un paciente con id=1
[2022-12-10 22:00:26] [ INFO ] [TurnoService:52] Se encontró un turno con id=1
[2022-12-10 22:00:26] [ INFO ] [TurnoService:96] Se eliminó al turno con id=1
[2022-12-10 22:04:18] [ INFO ] [PacienteService:23] Se registró un nuevo paciente
[2022-12-10 22:04:18] [ INFO ] [OdontologoService:25] Se ha registrado exitosamente un nuevo odontólogo
[2022-12-10 22:04:18] [ INFO ] [TurnoService:42] Se registró un nuevo turno con id=null
[2022-12-10 22:04:18] [ INFO ] [PacienteService:31] Iniciando la búsqueda de un paciente con id=1
[2022-12-10 22:04:18] [ INFO ] [OdontologoService:33] Iniciando la búsqueda de un paciente con id=1
[2022-12-10 22:04:18] [ INFO ] [TurnoService:52] Se encontró un turno con id=1
[2022-12-10 22:04:18] [ INFO ] [TurnoService:62] Iniciando la búsqueda de un odontólogo con id=1
[2022-12-10 22:04:18] [ INFO ] [TurnoService:71] Iniciando la búsqueda de un paciente con id=1
[2022-12-10 22:04:18] [ INFO ] [TurnoService:80] Iniciando la búsqueda de todos los turnos
[2022-12-10 22:04:18] [ INFO ] [PacienteService:23] Se registró un nuevo paciente
[2022-12-10 22:04:18] [ INFO ] [OdontologoService:25] Se ha registrado exitosamente un nuevo odontólogo
[2022-12-10 22:04:18] [ INFO ] [TurnoService:42] Se registró un nuevo turno con id=1
[2022-12-10 22:04:18] [ INFO ] [PacienteService:31] Iniciando la búsqueda de un paciente con id=1
[2022-12-10 22:04:18] [ INFO ] [OdontologoService:33] Iniciando la búsqueda de un paciente con id=1
[2022-12-10 22:04:18] [ INFO ] [TurnoService:52] Se encontró un turno con id=1
[2022-12-10 22:04:18] [ INFO ] [TurnoService:91] Iniciando la actualización del turno con id=1
[2022-12-10 22:04:18] [ INFO ] [PacienteService:31] Iniciando la búsqueda de un paciente con id=1
[2022-12-10 22:04:18] [ INFO ] [OdontologoService:33] Iniciando la búsqueda de un paciente con id=1
[2022-12-10 22:04:18] [ INFO ] [TurnoService:52] Se encontró un turno con id=1
[2022-12-10 22:04:18] [ INFO ] [PacienteService:31] Iniciando la búsqueda de un paciente con id=1
[2022-12-10 22:04:18] [ INFO ] [OdontologoService:33] Iniciando la búsqueda de un paciente con id=1
[2022-12-10 22:04:18] [ INFO ] [TurnoService:52] Se encontró un turno con id=1
[2022-12-10 22:04:18] [ INFO ] [TurnoService:96] Se eliminó al turno con id=1
[2022-12-10 22:05:45] [ INFO ] [PacienteService:23] Se registró un nuevo paciente
[2022-12-10 22:05:45] [ INFO ] [OdontologoService:25] Se ha registrado exitosamente un nuevo odontólogo
[2022-12-10 22:05:45] [ INFO ] [TurnoService:42] Se registró un nuevo turno con id=null
[2022-12-10 22:05:45] [ INFO ] [PacienteService:31] Iniciando la búsqueda de un paciente con id=1
[2022-12-10 22:05:45] [ INFO ] [OdontologoService:33] Iniciando la búsqueda de un paciente con id=1
[2022-12-10 22:05:45] [ INFO ] [TurnoService:52] Se encontró un turno con id=1
[2022-12-10 22:05:45] [ INFO ] [TurnoService:62] Iniciando la búsqueda de un odontólogo con id=1
[2022-12-10 22:05:45] [ INFO ] [TurnoService:71] Iniciando la búsqueda de un paciente con id=1
[2022-12-10 22:05:45] [ INFO ] [TurnoService:80] Iniciando la búsqueda de todos los turnos
[2022-12-10 22:05:45] [ INFO ] [PacienteService:23] Se registró un nuevo paciente
[2022-12-10 22:05:45] [ INFO ] [OdontologoService:25] Se ha registrado exitosamente un nuevo odontólogo
[2022-12-10 22:05:45] [ INFO ] [TurnoService:42] Se registró un nuevo turno con id=1
[2022-12-10 22:05:45] [ INFO ] [PacienteService:31] Iniciando la búsqueda de un paciente con id=1
[2022-12-10 22:05:45] [ INFO ] [OdontologoService:33] Iniciando la búsqueda de un paciente con id=1
[2022-12-10 22:05:45] [ INFO ] [TurnoService:52] Se encontró un turno con id=1
[2022-12-10 22:05:45] [ INFO ] [TurnoService:91] Iniciando la actualización del turno con id=1
[2022-12-10 22:05:45] [ INFO ] [PacienteService:31] Iniciando la búsqueda de un paciente con id=1
[2022-12-10 22:05:45] [ INFO ] [OdontologoService:33] Iniciando la búsqueda de un paciente con id=1
[2022-12-10 22:05:45] [ INFO ] [TurnoService:52] Se encontró un turno con id=1
[2022-12-10 22:05:45] [ INFO ] [PacienteService:31] Iniciando la búsqueda de un paciente con id=1
[2022-12-10 22:05:45] [ INFO ] [OdontologoService:33] Iniciando la búsqueda de un paciente con id=1
[2022-12-10 22:05:45] [ INFO ] [TurnoService:52] Se encontró un turno con id=1
[2022-12-10 22:05:45] [ INFO ] [TurnoService:96] Se eliminó al turno con id=1
[2022-12-10 22:08:48] [ INFO ] [PacienteService:23] Se registró un nuevo paciente
[2022-12-10 22:08:48] [ INFO ] [OdontologoService:25] Se ha registrado exitosamente un nuevo odontólogo
[2022-12-10 22:08:48] [ INFO ] [TurnoService:42] Se registró un nuevo turno con id=null
[2022-12-10 22:08:48] [ INFO ] [PacienteService:31] Iniciando la búsqueda de un paciente con id=1
[2022-12-10 22:08:48] [ INFO ] [OdontologoService:33] Iniciando la búsqueda de un paciente con id=1
[2022-12-10 22:08:48] [ INFO ] [TurnoService:52] Se encontró un turno con id=1
[2022-12-10 22:08:48] [ INFO ] [TurnoService:62] Iniciando la búsqueda de un odontólogo con id=1
[2022-12-10 22:08:48] [ INFO ] [TurnoService:71] Iniciando la búsqueda de un paciente con id=1
[2022-12-10 22:08:48] [ INFO ] [TurnoService:80] Iniciando la búsqueda de todos los turnos
[2022-12-10 22:08:48] [ INFO ] [PacienteService:23] Se registró un nuevo paciente
[2022-12-10 22:08:48] [ INFO ] [OdontologoService:25] Se ha registrado exitosamente un nuevo odontólogo
[2022-12-10 22:08:48] [ INFO ] [TurnoService:42] Se registró un nuevo turno con id=1
[2022-12-10 22:08:48] [ INFO ] [PacienteService:31] Iniciando la búsqueda de un paciente con id=1
[2022-12-10 22:08:48] [ INFO ] [OdontologoService:33] Iniciando la búsqueda de un paciente con id=1
[2022-12-10 22:08:48] [ INFO ] [TurnoService:52] Se encontró un turno con id=1
[2022-12-10 22:08:48] [ INFO ] [TurnoService:91] Iniciando la actualización del turno con id=1
[2022-12-10 22:08:48] [ INFO ] [PacienteService:31] Iniciando la búsqueda de un paciente con id=1
[2022-12-10 22:08:48] [ INFO ] [OdontologoService:33] Iniciando la búsqueda de un paciente con id=1
[2022-12-10 22:08:48] [ INFO ] [TurnoService:52] Se encontró un turno con id=1
[2022-12-10 22:08:48] [ INFO ] [PacienteService:31] Iniciando la búsqueda de un paciente con id=1
[2022-12-10 22:08:48] [ INFO ] [OdontologoService:33] Iniciando la búsqueda de un paciente con id=1
[2022-12-10 22:08:48] [ INFO ] [TurnoService:52] Se encontró un turno con id=1
[2022-12-10 22:08:48] [ INFO ] [TurnoService:96] Se eliminó al turno con id=1
[2022-12-10 22:09:06] [ INFO ] [PacienteService:23] Se registró un nuevo paciente
[2022-12-10 22:09:06] [ INFO ] [OdontologoService:25] Se ha registrado exitosamente un nuevo odontólogo
[2022-12-10 22:09:06] [ INFO ] [TurnoService:42] Se registró un nuevo turno con id=null
[2022-12-10 22:09:07] [ INFO ] [PacienteService:31] Iniciando la búsqueda de un paciente con id=1
[2022-12-10 22:09:07] [ INFO ] [OdontologoService:33] Iniciando la búsqueda de un paciente con id=1
[2022-12-10 22:09:07] [ INFO ] [TurnoService:52] Se encontró un turno con id=1
[2022-12-10 22:09:07] [ INFO ] [TurnoService:62] Iniciando la búsqueda de un odontólogo con id=1
[2022-12-10 22:09:07] [ INFO ] [TurnoService:71] Iniciando la búsqueda de un paciente con id=1
[2022-12-10 22:09:07] [ INFO ] [TurnoService:80] Iniciando la búsqueda de todos los turnos
[2022-12-10 22:09:07] [ INFO ] [PacienteService:23] Se registró un nuevo paciente
[2022-12-10 22:09:07] [ INFO ] [OdontologoService:25] Se ha registrado exitosamente un nuevo odontólogo
[2022-12-10 22:09:07] [ INFO ] [TurnoService:42] Se registró un nuevo turno con id=1
[2022-12-10 22:09:07] [ INFO ] [PacienteService:31] Iniciando la búsqueda de un paciente con id=1
[2022-12-10 22:09:07] [ INFO ] [OdontologoService:33] Iniciando la búsqueda de un paciente con id=1
[2022-12-10 22:09:07] [ INFO ] [TurnoService:52] Se encontró un turno con id=1
[2022-12-10 22:09:07] [ INFO ] [TurnoService:91] Iniciando la actualización del turno con id=1
[2022-12-10 22:09:07] [ INFO ] [PacienteService:31] Iniciando la búsqueda de un paciente con id=1
[2022-12-10 22:09:07] [ INFO ] [OdontologoService:33] Iniciando la búsqueda de un paciente con id=1
[2022-12-10 22:09:07] [ INFO ] [TurnoService:52] Se encontró un turno con id=1
[2022-12-10 22:09:07] [ INFO ] [PacienteService:31] Iniciando la búsqueda de un paciente con id=1
[2022-12-10 22:09:07] [ INFO ] [OdontologoService:33] Iniciando la búsqueda de un paciente con id=1
[2022-12-10 22:09:07] [ INFO ] [TurnoService:52] Se encontró un turno con id=1
[2022-12-10 22:09:07] [ INFO ] [TurnoService:96] Se eliminó al turno con id=1
[2022-12-10 22:18:41] [ INFO ] [PacienteService:23] Se registró un nuevo paciente
[2022-12-10 22:18:41] [ INFO ] [OdontologoService:25] Se ha registrado exitosamente un nuevo odontólogo
[2022-12-10 22:18:41] [ INFO ] [TurnoService:42] Se registró un nuevo turno con id=null
[2022-12-10 22:18:41] [ INFO ] [PacienteService:31] Iniciando la búsqueda de un paciente con id=1
[2022-12-10 22:18:41] [ INFO ] [OdontologoService:33] Iniciando la búsqueda de un paciente con id=1
[2022-12-10 22:18:41] [ INFO ] [TurnoService:52] Se encontró un turno con id=1
[2022-12-10 22:18:41] [ INFO ] [TurnoService:62] Iniciando la búsqueda de un odontólogo con id=1
[2022-12-10 22:18:41] [ INFO ] [TurnoService:71] Iniciando la búsqueda de un paciente con id=1
[2022-12-10 22:18:41] [ INFO ] [TurnoService:80] Iniciando la búsqueda de todos los turnos
[2022-12-10 22:18:41] [ INFO ] [PacienteService:23] Se registró un nuevo paciente
[2022-12-10 22:18:41] [ INFO ] [OdontologoService:25] Se ha registrado exitosamente un nuevo odontólogo
[2022-12-10 22:18:41] [ INFO ] [TurnoService:42] Se registró un nuevo turno con id=1
[2022-12-10 22:18:41] [ INFO ] [PacienteService:31] Iniciando la búsqueda de un paciente con id=1
[2022-12-10 22:18:41] [ INFO ] [OdontologoService:33] Iniciando la búsqueda de un paciente con id=1
[2022-12-10 22:18:41] [ INFO ] [TurnoService:52] Se encontró un turno con id=1
[2022-12-10 22:18:41] [ INFO ] [TurnoService:91] Iniciando la actualización del turno con id=1
[2022-12-10 22:18:41] [ INFO ] [PacienteService:31] Iniciando la búsqueda de un paciente con id=1
[2022-12-10 22:18:41] [ INFO ] [OdontologoService:33] Iniciando la búsqueda de un paciente con id=1
[2022-12-10 22:18:41] [ INFO ] [TurnoService:52] Se encontró un turno con id=1
[2022-12-10 22:18:41] [ INFO ] [PacienteService:31] Iniciando la búsqueda de un paciente con id=1
[2022-12-10 22:18:41] [ INFO ] [OdontologoService:33] Iniciando la búsqueda de un paciente con id=1
[2022-12-10 22:18:41] [ INFO ] [TurnoService:52] Se encontró un turno con id=1
[2022-12-10 22:18:41] [ INFO ] [TurnoService:96] Se eliminó al turno con id=1
[2022-12-10 22:19:50] [ INFO ] [PacienteService:23] Se registró un nuevo paciente
[2022-12-10 22:19:50] [ INFO ] [OdontologoService:25] Se ha registrado exitosamente un nuevo odontólogo
[2022-12-10 22:19:50] [ INFO ] [TurnoService:42] Se registró un nuevo turno con id=null
[2022-12-10 22:19:50] [ INFO ] [PacienteService:31] Iniciando la búsqueda de un paciente con id=1
[2022-12-10 22:19:50] [ INFO ] [OdontologoService:33] Iniciando la búsqueda de un paciente con id=1
[2022-12-10 22:19:50] [ INFO ] [TurnoService:52] Se encontró un turno con id=1
[2022-12-10 22:19:50] [ INFO ] [TurnoService:62] Iniciando la búsqueda de un odontólogo con id=1
[2022-12-10 22:19:50] [ INFO ] [TurnoService:71] Iniciando la búsqueda de un paciente con id=1
[2022-12-10 22:19:50] [ INFO ] [TurnoService:80] Iniciando la búsqueda de todos los turnos
[2022-12-10 22:19:50] [ INFO ] [PacienteService:23] Se registró un nuevo paciente
[2022-12-10 22:19:50] [ INFO ] [OdontologoService:25] Se ha registrado exitosamente un nuevo odontólogo
[2022-12-10 22:19:50] [ INFO ] [TurnoService:42] Se registró un nuevo turno con id=1
[2022-12-10 22:19:50] [ INFO ] [PacienteService:31] Iniciando la búsqueda de un paciente con id=1
[2022-12-10 22:19:50] [ INFO ] [OdontologoService:33] Iniciando la búsqueda de un paciente con id=1
[2022-12-10 22:19:50] [ INFO ] [TurnoService:52] Se encontró un turno con id=1
[2022-12-10 22:19:50] [ INFO ] [TurnoService:91] Iniciando la actualización del turno con id=1
[2022-12-10 22:19:51] [ INFO ] [PacienteService:31] Iniciando la búsqueda de un paciente con id=1
[2022-12-10 22:19:51] [ INFO ] [OdontologoService:33] Iniciando la búsqueda de un paciente con id=1
[2022-12-10 22:19:51] [ INFO ] [TurnoService:52] Se encontró un turno con id=1
[2022-12-10 22:19:51] [ INFO ] [PacienteService:31] Iniciando la búsqueda de un paciente con id=1
[2022-12-10 22:19:51] [ INFO ] [OdontologoService:33] Iniciando la búsqueda de un paciente con id=1
[2022-12-10 22:19:51] [ INFO ] [TurnoService:52] Se encontró un turno con id=1
[2022-12-10 22:19:51] [ INFO ] [TurnoService:96] Se eliminó al turno con id=1
[2022-12-10 22:24:03] [ INFO ] [PacienteService:23] Se registró un nuevo paciente
[2022-12-10 22:24:03] [ INFO ] [OdontologoService:25] Se ha registrado exitosamente un nuevo odontólogo
[2022-12-10 22:24:03] [ INFO ] [TurnoService:42] Se registró un nuevo turno con id=null
[2022-12-10 22:24:03] [ INFO ] [PacienteService:31] Iniciando la búsqueda de un paciente con id=1
[2022-12-10 22:24:03] [ INFO ] [OdontologoService:33] Iniciando la búsqueda de un paciente con id=1
[2022-12-10 22:24:03] [ INFO ] [TurnoService:52] Se encontró un turno con id=1
[2022-12-10 22:24:03] [ INFO ] [TurnoService:62] Iniciando la búsqueda de un odontólogo con id=1
[2022-12-10 22:24:03] [ INFO ] [TurnoService:71] Iniciando la búsqueda de un paciente con id=1
[2022-12-10 22:24:03] [ INFO ] [TurnoService:80] Iniciando la búsqueda de todos los turnos
[2022-12-10 22:24:03] [ INFO ] [PacienteService:23] Se registró un nuevo paciente
[2022-12-10 22:24:03] [ INFO ] [OdontologoService:25] Se ha registrado exitosamente un nuevo odontólogo
[2022-12-10 22:24:03] [ INFO ] [TurnoService:42] Se registró un nuevo turno con id=1
[2022-12-10 22:24:03] [ INFO ] [PacienteService:31] Iniciando la búsqueda de un paciente con id=1
[2022-12-10 22:24:03] [ INFO ] [OdontologoService:33] Iniciando la búsqueda de un paciente con id=1
[2022-12-10 22:24:03] [ INFO ] [TurnoService:52] Se encontró un turno con id=1
[2022-12-10 22:24:03] [ INFO ] [TurnoService:91] Iniciando la actualización del turno con id=1
[2022-12-10 22:24:03] [ INFO ] [PacienteService:31] Iniciando la búsqueda de un paciente con id=1
[2022-12-10 22:24:03] [ INFO ] [OdontologoService:33] Iniciando la búsqueda de un paciente con id=1
[2022-12-10 22:24:03] [ INFO ] [TurnoService:52] Se encontró un turno con id=1
[2022-12-10 22:24:03] [ INFO ] [PacienteService:31] Iniciando la búsqueda de un paciente con id=1
[2022-12-10 22:24:03] [ INFO ] [OdontologoService:33] Iniciando la búsqueda de un paciente con id=1
[2022-12-10 22:24:03] [ INFO ] [TurnoService:52] Se encontró un turno con id=1
[2022-12-10 22:24:03] [ INFO ] [TurnoService:96] Se eliminó al turno con id=1
[2022-12-10 22:24:53] [ INFO ] [PacienteService:23] Se registró un nuevo paciente
[2022-12-10 22:24:53] [ INFO ] [OdontologoService:25] Se ha registrado exitosamente un nuevo odontólogo
[2022-12-10 22:24:53] [ INFO ] [TurnoService:42] Se registró un nuevo turno con id=null
[2022-12-10 22:24:53] [ INFO ] [PacienteService:31] Iniciando la búsqueda de un paciente con id=1
[2022-12-10 22:24:53] [ INFO ] [OdontologoService:33] Iniciando la búsqueda de un paciente con id=1
[2022-12-10 22:24:53] [ INFO ] [TurnoService:52] Se encontró un turno con id=1
[2022-12-10 22:24:53] [ INFO ] [TurnoService:62] Iniciando la búsqueda de un odontólogo con id=1
[2022-12-10 22:24:53] [ INFO ] [TurnoService:71] Iniciando la búsqueda de un paciente con id=1
[2022-12-10 22:24:53] [ INFO ] [TurnoService:80] Iniciando la búsqueda de todos los turnos
[2022-12-10 22:24:53] [ INFO ] [PacienteService:23] Se registró un nuevo paciente
[2022-12-10 22:24:53] [ INFO ] [OdontologoService:25] Se ha registrado exitosamente un nuevo odontólogo
[2022-12-10 22:24:53] [ INFO ] [TurnoService:42] Se registró un nuevo turno con id=1
[2022-12-10 22:24:53] [ INFO ] [PacienteService:31] Iniciando la búsqueda de un paciente con id=1
[2022-12-10 22:24:53] [ INFO ] [OdontologoService:33] Iniciando la búsqueda de un paciente con id=1
[2022-12-10 22:24:53] [ INFO ] [TurnoService:52] Se encontró un turno con id=1
[2022-12-10 22:24:53] [ INFO ] [TurnoService:91] Iniciando la actualización del turno con id=1
[2022-12-10 22:24:53] [ INFO ] [PacienteService:31] Iniciando la búsqueda de un paciente con id=1
[2022-12-10 22:24:53] [ INFO ] [OdontologoService:33] Iniciando la búsqueda de un paciente con id=1
[2022-12-10 22:24:53] [ INFO ] [TurnoService:52] Se encontró un turno con id=1
[2022-12-10 22:24:53] [ INFO ] [PacienteService:31] Iniciando la búsqueda de un paciente con id=1
[2022-12-10 22:24:53] [ INFO ] [OdontologoService:33] Iniciando la búsqueda de un paciente con id=1
[2022-12-10 22:24:53] [ INFO ] [TurnoService:52] Se encontró un turno con id=1
[2022-12-10 22:26:26] [ INFO ] [PacienteService:23] Se registró un nuevo paciente
[2022-12-10 22:26:26] [ INFO ] [OdontologoService:25] Se ha registrado exitosamente un nuevo odontólogo
[2022-12-10 22:26:26] [ INFO ] [TurnoService:42] Se registró un nuevo turno con id=null
[2022-12-10 22:26:26] [ INFO ] [PacienteService:31] Iniciando la búsqueda de un paciente con id=1
[2022-12-10 22:26:26] [ INFO ] [OdontologoService:33] Iniciando la búsqueda de un paciente con id=1
[2022-12-10 22:26:26] [ INFO ] [TurnoService:52] Se encontró un turno con id=1
[2022-12-10 22:26:26] [ INFO ] [TurnoService:62] Iniciando la búsqueda de un odontólogo con id=1
[2022-12-10 22:26:26] [ INFO ] [TurnoService:71] Iniciando la búsqueda de un paciente con id=1
[2022-12-10 22:26:26] [ INFO ] [TurnoService:80] Iniciando la búsqueda de todos los turnos
[2022-12-10 22:26:26] [ INFO ] [PacienteService:23] Se registró un nuevo paciente
[2022-12-10 22:26:26] [ INFO ] [OdontologoService:25] Se ha registrado exitosamente un nuevo odontólogo
[2022-12-10 22:26:26] [ INFO ] [TurnoService:42] Se registró un nuevo turno con id=1
[2022-12-10 22:26:26] [ INFO ] [PacienteService:31] Iniciando la búsqueda de un paciente con id=1
[2022-12-10 22:26:26] [ INFO ] [OdontologoService:33] Iniciando la búsqueda de un paciente con id=1
[2022-12-10 22:26:26] [ INFO ] [TurnoService:52] Se encontró un turno con id=1
[2022-12-10 22:26:26] [ INFO ] [TurnoService:91] Iniciando la actualización del turno con id=1
[2022-12-10 22:26:26] [ INFO ] [PacienteService:31] Iniciando la búsqueda de un paciente con id=1
[2022-12-10 22:26:26] [ INFO ] [OdontologoService:33] Iniciando la búsqueda de un paciente con id=1
[2022-12-10 22:26:26] [ INFO ] [TurnoService:52] Se encontró un turno con id=1
[2022-12-10 22:26:26] [ INFO ] [PacienteService:31] Iniciando la búsqueda de un paciente con id=1
[2022-12-10 22:26:26] [ INFO ] [OdontologoService:33] Iniciando la búsqueda de un paciente con id=1
[2022-12-10 22:26:26] [ INFO ] [TurnoService:52] Se encontró un turno con id=1
[2022-12-10 22:26:26] [ INFO ] [TurnoService:96] Se eliminó al turno con id=1
[2022-12-10 22:38:54] [ INFO ] [PacienteService:23] Se registró un nuevo paciente
[2022-12-10 22:38:54] [ INFO ] [OdontologoService:25] Se ha registrado exitosamente un nuevo odontólogo
[2022-12-10 22:38:54] [ INFO ] [TurnoService:42] Se registró un nuevo turno con id=null
[2022-12-10 22:38:54] [ INFO ] [PacienteService:31] Iniciando la búsqueda de un paciente con id=1
[2022-12-10 22:38:54] [ INFO ] [OdontologoService:33] Iniciando la búsqueda de un paciente con id=1
[2022-12-10 22:38:54] [ INFO ] [TurnoService:52] Se encontró un turno con id=1
[2022-12-10 22:38:54] [ INFO ] [TurnoService:62] Iniciando la búsqueda de un odontólogo con id=1
[2022-12-10 22:38:54] [ INFO ] [TurnoService:71] Iniciando la búsqueda de un paciente con id=1
[2022-12-10 22:38:54] [ INFO ] [TurnoService:80] Iniciando la búsqueda de todos los turnos
[2022-12-10 22:38:54] [ INFO ] [PacienteService:23] Se registró un nuevo paciente
[2022-12-10 22:38:54] [ INFO ] [OdontologoService:25] Se ha registrado exitosamente un nuevo odontólogo
[2022-12-10 22:38:54] [ INFO ] [TurnoService:42] Se registró un nuevo turno con id=1
[2022-12-10 22:38:54] [ INFO ] [PacienteService:31] Iniciando la búsqueda de un paciente con id=1
[2022-12-10 22:38:54] [ INFO ] [OdontologoService:33] Iniciando la búsqueda de un paciente con id=1
[2022-12-10 22:38:54] [ INFO ] [TurnoService:52] Se encontró un turno con id=1
[2022-12-10 22:38:54] [ INFO ] [TurnoService:91] Iniciando la actualización del turno con id=1
[2022-12-10 22:38:54] [ INFO ] [PacienteService:31] Iniciando la búsqueda de un paciente con id=1
[2022-12-10 22:38:54] [ INFO ] [OdontologoService:33] Iniciando la búsqueda de un paciente con id=1
[2022-12-10 22:38:54] [ INFO ] [TurnoService:52] Se encontró un turno con id=1
[2022-12-10 22:38:54] [ INFO ] [PacienteService:31] Iniciando la búsqueda de un paciente con id=1
[2022-12-10 22:38:54] [ INFO ] [OdontologoService:33] Iniciando la búsqueda de un paciente con id=1
[2022-12-10 22:38:54] [ INFO ] [TurnoService:52] Se encontró un turno con id=1
[2022-12-10 22:38:54] [ INFO ] [TurnoService:97] Se eliminó al turno con id=1
[2022-12-10 22:39:32] [ INFO ] [PacienteService:23] Se registró un nuevo paciente
[2022-12-10 22:39:32] [ INFO ] [OdontologoService:25] Se ha registrado exitosamente un nuevo odontólogo
[2022-12-10 22:39:32] [ INFO ] [TurnoService:42] Se registró un nuevo turno con id=null
[2022-12-10 22:39:32] [ INFO ] [PacienteService:31] Iniciando la búsqueda de un paciente con id=1
[2022-12-10 22:39:32] [ INFO ] [OdontologoService:33] Iniciando la búsqueda de un paciente con id=1
[2022-12-10 22:39:32] [ INFO ] [TurnoService:52] Se encontró un turno con id=1
[2022-12-10 22:39:32] [ INFO ] [TurnoService:62] Iniciando la búsqueda de un odontólogo con id=1
[2022-12-10 22:39:32] [ INFO ] [TurnoService:71] Iniciando la búsqueda de un paciente con id=1
[2022-12-10 22:39:32] [ INFO ] [TurnoService:80] Iniciando la búsqueda de todos los turnos
[2022-12-10 22:39:32] [ INFO ] [PacienteService:23] Se registró un nuevo paciente
[2022-12-10 22:39:32] [ INFO ] [OdontologoService:25] Se ha registrado exitosamente un nuevo odontólogo
[2022-12-10 22:39:32] [ INFO ] [TurnoService:42] Se registró un nuevo turno con id=1
[2022-12-10 22:39:32] [ INFO ] [PacienteService:31] Iniciando la búsqueda de un paciente con id=1
[2022-12-10 22:39:32] [ INFO ] [OdontologoService:33] Iniciando la búsqueda de un paciente con id=1
[2022-12-10 22:39:32] [ INFO ] [TurnoService:52] Se encontró un turno con id=1
[2022-12-10 22:39:32] [ INFO ] [TurnoService:91] Iniciando la actualización del turno con id=1
[2022-12-10 22:39:32] [ INFO ] [PacienteService:31] Iniciando la búsqueda de un paciente con id=1
[2022-12-10 22:39:32] [ INFO ] [OdontologoService:33] Iniciando la búsqueda de un paciente con id=1
[2022-12-10 22:39:32] [ INFO ] [TurnoService:52] Se encontró un turno con id=1
[2022-12-10 22:39:32] [ INFO ] [PacienteService:31] Iniciando la búsqueda de un paciente con id=1
[2022-12-10 22:39:32] [ INFO ] [OdontologoService:33] Iniciando la búsqueda de un paciente con id=1
[2022-12-10 22:39:32] [ INFO ] [TurnoService:52] Se encontró un turno con id=1
[2022-12-10 22:39:32] [ INFO ] [TurnoService:99] Se eliminó al turno con id=1
[2022-12-10 22:40:03] [ INFO ] [PacienteService:23] Se registró un nuevo paciente
[2022-12-10 22:40:03] [ INFO ] [OdontologoService:25] Se ha registrado exitosamente un nuevo odontólogo
[2022-12-10 22:40:03] [ INFO ] [TurnoService:42] Se registró un nuevo turno con id=null
[2022-12-10 22:40:03] [ INFO ] [PacienteService:31] Iniciando la búsqueda de un paciente con id=1
[2022-12-10 22:40:03] [ INFO ] [OdontologoService:33] Iniciando la búsqueda de un paciente con id=1
[2022-12-10 22:40:03] [ INFO ] [TurnoService:52] Se encontró un turno con id=1
[2022-12-10 22:40:03] [ INFO ] [TurnoService:62] Iniciando la búsqueda de un odontólogo con id=1
[2022-12-10 22:40:03] [ INFO ] [TurnoService:71] Iniciando la búsqueda de un paciente con id=1
[2022-12-10 22:40:03] [ INFO ] [TurnoService:80] Iniciando la búsqueda de todos los turnos
[2022-12-10 22:40:03] [ INFO ] [PacienteService:23] Se registró un nuevo paciente
[2022-12-10 22:40:03] [ INFO ] [OdontologoService:25] Se ha registrado exitosamente un nuevo odontólogo
[2022-12-10 22:40:03] [ INFO ] [TurnoService:42] Se registró un nuevo turno con id=1
[2022-12-10 22:40:03] [ INFO ] [PacienteService:31] Iniciando la búsqueda de un paciente con id=1
[2022-12-10 22:40:03] [ INFO ] [OdontologoService:33] Iniciando la búsqueda de un paciente con id=1
[2022-12-10 22:40:03] [ INFO ] [TurnoService:52] Se encontró un turno con id=1
[2022-12-10 22:40:03] [ INFO ] [TurnoService:91] Iniciando la actualización del turno con id=1
[2022-12-10 22:40:03] [ INFO ] [PacienteService:31] Iniciando la búsqueda de un paciente con id=1
[2022-12-10 22:40:03] [ INFO ] [OdontologoService:33] Iniciando la búsqueda de un paciente con id=1
[2022-12-10 22:40:03] [ INFO ] [TurnoService:52] Se encontró un turno con id=1
[2022-12-10 22:40:03] [ INFO ] [PacienteService:31] Iniciando la búsqueda de un paciente con id=1
[2022-12-10 22:40:03] [ INFO ] [OdontologoService:33] Iniciando la búsqueda de un paciente con id=1
[2022-12-10 22:40:03] [ INFO ] [TurnoService:52] Se encontró un turno con id=1
[2022-12-10 22:40:03] [ INFO ] [TurnoService:96] Se eliminó al turno con id=1
[2022-12-10 23:32:16] [ INFO ] [PacienteService:23] Se registró un nuevo paciente
[2022-12-10 23:32:22] [ INFO ] [PacienteService:23] Se registró un nuevo paciente
[2022-12-10 23:32:31] [ INFO ] [PacienteService:47] Iniciando la búsqueda de todos los pacientes
[2022-12-10 23:32:42] [ INFO ] [PacienteService:39] Iniciando la búsqueda de un paciente con email=8il.andre@gmail.com
[2022-12-10 23:32:45] [ INFO ] [PacienteService:43] Iniciando la búsqueda de pacientes con nombre Andrés y apellido Galván
[2022-12-10 23:32:48] [ INFO ] [PacienteService:31] Iniciando la búsqueda de un paciente con id=2
[2022-12-10 23:32:54] [ INFO ] [PacienteService:31] Iniciando la búsqueda de un paciente con id=2
[2022-12-10 23:32:54] [ INFO ] [PacienteService:53] Se actualizó al paciente con id=2
[2022-12-10 23:33:01] [ INFO ] [PacienteService:31] Iniciando la búsqueda de un paciente con id=2
[2022-12-10 23:33:01] [ INFO ] [PacienteService:58] Se eliminó al paciente con id=2
[2022-12-10 23:33:45] [ INFO ] [OdontologoService:25] Se ha registrado exitosamente un nuevo odontólogo
[2022-12-10 23:33:48] [ INFO ] [OdontologoService:25] Se ha registrado exitosamente un nuevo odontólogo
[2022-12-10 23:33:52] [ INFO ] [OdontologoService:49] Iniciando la búsqueda de todos los odontólogos
[2022-12-10 23:33:54] [ INFO ] [OdontologoService:33] Iniciando la búsqueda de un paciente con id=2
[2022-12-10 23:33:56] [ INFO ] [OdontologoService:45] Iniciando la búsqueda de un odontólogo con nombre Andrés y apellido Galván
[2022-12-10 23:33:59] [ INFO ] [OdontologoService:33] Iniciando la búsqueda de un paciente con id=2
[2022-12-10 23:33:59] [ INFO ] [OdontologoService:55] Iniciando la actualización del odontólogo con id=2
[2022-12-10 23:34:03] [ INFO ] [OdontologoService:33] Iniciando la búsqueda de un paciente con id=2
[2022-12-10 23:34:03] [ INFO ] [OdontologoService:60] Iniciando la eliminación del odontólogo con id=2
[2022-12-10 23:34:22] [ ERROR] [GlobalExceptions:14] Error, el sistema detectó un problema, se registró el siguiente mensaje: No se encontró ningún odontólogo con id=2
[2022-12-10 23:34:40] [ INFO ] [OdontologoService:25] Se ha registrado exitosamente un nuevo odontólogo
[2022-12-10 23:34:43] [ INFO ] [OdontologoService:25] Se ha registrado exitosamente un nuevo odontólogo
[2022-12-10 23:34:48] [ INFO ] [PacienteService:23] Se registró un nuevo paciente
[2022-12-10 23:34:50] [ INFO ] [PacienteService:23] Se registró un nuevo paciente
[2022-12-10 23:36:33] [ INFO ] [OdontologoService:25] Se ha registrado exitosamente un nuevo odontólogo
[2022-12-10 23:36:36] [ INFO ] [PacienteService:23] Se registró un nuevo paciente
[2022-12-10 23:37:31] [ INFO ] [TurnoService:80] Iniciando la búsqueda de todos los turnos
[2022-12-10 23:43:22] [ INFO ] [PacienteService:31] Iniciando la búsqueda de un paciente con id=1
[2022-12-10 23:43:22] [ ERROR] [GlobalExceptions:14] Error, el sistema detectó un problema, se registró el siguiente mensaje: No se encontró ningún odontólogo con id=2
[2022-12-10 23:44:18] [ INFO ] [OdontologoService:25] Se ha registrado exitosamente un nuevo odontólogo
[2022-12-10 23:44:21] [ INFO ] [PacienteService:23] Se registró un nuevo paciente
[2022-12-10 23:44:24] [ INFO ] [PacienteService:31] Iniciando la búsqueda de un paciente con id=1
[2022-12-10 23:44:24] [ ERROR] [GlobalExceptions:14] Error, el sistema detectó un problema, se registró el siguiente mensaje: No se encontró ningún odontólogo con id=2
[2022-12-10 23:45:01] [ INFO ] [PacienteService:31] Iniciando la búsqueda de un paciente con id=1
[2022-12-10 23:45:01] [ INFO ] [OdontologoService:33] Iniciando la búsqueda de un paciente con id=1
[2022-12-10 23:45:01] [ INFO ] [TurnoService:42] Se registró un nuevo turno con id=null
[2022-12-10 23:56:17] [ INFO ] [OdontologoService:25] Se ha registrado exitosamente un nuevo odontólogo
[2022-12-10 23:56:19] [ INFO ] [PacienteService:23] Se registró un nuevo paciente
[2022-12-10 23:56:23] [ INFO ] [PacienteService:31] Iniciando la búsqueda de un paciente con id=1
[2022-12-10 23:56:23] [ INFO ] [OdontologoService:33] Iniciando la búsqueda de un paciente con id=1
[2022-12-10 23:56:23] [ INFO ] [TurnoService:67] Se registró un nuevo turno con id=null
[2022-12-10 23:57:22] [ INFO ] [PacienteService:23] Se registró un nuevo paciente
[2022-12-10 23:57:25] [ INFO ] [OdontologoService:25] Se ha registrado exitosamente un nuevo odontólogo
[2022-12-10 23:58:25] [ INFO ] [PacienteService:31] Iniciando la búsqueda de un paciente con id=2
[2022-12-10 23:58:25] [ INFO ] [OdontologoService:33] Iniciando la búsqueda de un paciente con id=2
[2022-12-10 23:58:25] [ INFO ] [TurnoService:67] Se registró un nuevo turno con id=null
[2022-12-10 23:58:38] [ INFO ] [TurnoService:105] Iniciando la búsqueda de todos los turnos
[2022-12-10 23:58:45] [ INFO ] [TurnoService:96] Iniciando la búsqueda de un paciente con id=2
[2022-12-10 23:58:50] [ INFO ] [TurnoService:87] Iniciando la búsqueda de un odontólogo con id=2
[2022-12-10 23:58:57] [ INFO ] [PacienteService:31] Iniciando la búsqueda de un paciente con id=2
[2022-12-10 23:58:57] [ INFO ] [OdontologoService:33] Iniciando la búsqueda de un paciente con id=2
[2022-12-10 23:58:57] [ INFO ] [TurnoService:77] Se encontró un turno con id=2
[2022-12-10 23:59:08] [ INFO ] [PacienteService:31] Iniciando la búsqueda de un paciente con id=1
[2022-12-10 23:59:08] [ INFO ] [OdontologoService:33] Iniciando la búsqueda de un paciente con id=1
[2022-12-10 23:59:08] [ INFO ] [TurnoService:77] Se encontró un turno con id=1
[2022-12-11 00:00:59] [ INFO ] [PacienteService:31] Iniciando la búsqueda de un paciente con id=1
[2022-12-11 00:00:59] [ INFO ] [OdontologoService:33] Iniciando la búsqueda de un paciente con id=1
[2022-12-11 00:00:59] [ INFO ] [TurnoService:77] Se encontró un turno con id=1
[2022-12-11 00:00:59] [ INFO ] [TurnoService:116] Iniciando la actualización del turno con id=1
[2022-12-11 00:01:14] [ INFO ] [OdontologoService:33] Iniciando la búsqueda de un paciente con id=2
[2022-12-11 00:01:14] [ INFO ] [OdontologoService:60] Iniciando la eliminación del odontólogo con id=2
[2022-12-11 00:02:43] [ INFO ] [PacienteService:23] Se registró un nuevo paciente
[2022-12-11 00:03:01] [ INFO ] [PacienteService:31] Iniciando la búsqueda de un paciente con id=1
[2022-12-11 00:03:01] [ ERROR] [GlobalExceptions:14] Error, el sistema detectó un problema, se registró el siguiente mensaje: No se encontró ningún odontólogo con id=1
[2022-12-11 00:03:09] [ INFO ] [OdontologoService:25] Se ha registrado exitosamente un nuevo odontólogo
[2022-12-11 00:03:16] [ INFO ] [PacienteService:31] Iniciando la búsqueda de un paciente con id=1
[2022-12-11 00:03:16] [ INFO ] [OdontologoService:33] Iniciando la búsqueda de un paciente con id=1
[2022-12-11 00:03:16] [ INFO ] [TurnoService:67] Se registró un nuevo turno con id=null
[2022-12-11 00:03:21] [ INFO ] [PacienteService:31] Iniciando la búsqueda de un paciente con id=1
[2022-12-11 00:03:21] [ INFO ] [OdontologoService:33] Iniciando la búsqueda de un paciente con id=1
[2022-12-11 00:03:21] [ INFO ] [TurnoService:77] Se encontró un turno con id=1
[2022-12-11 00:03:21] [ INFO ] [TurnoService:121] Se eliminó al turno con id=1
[2022-12-11 00:09:13] [ INFO ] [PacienteService:23] Se registró un nuevo paciente
[2022-12-11 00:09:13] [ INFO ] [OdontologoService:25] Se ha registrado exitosamente un nuevo odontólogo
[2022-12-11 00:09:13] [ INFO ] [TurnoService:67] Se registró un nuevo turno con id=null
[2022-12-11 00:09:13] [ INFO ] [PacienteService:31] Iniciando la búsqueda de un paciente con id=1
[2022-12-11 00:09:13] [ INFO ] [OdontologoService:33] Iniciando la búsqueda de un paciente con id=1
[2022-12-11 00:09:13] [ INFO ] [TurnoService:77] Se encontró un turno con id=1
[2022-12-11 00:09:13] [ INFO ] [TurnoService:87] Iniciando la búsqueda de un odontólogo con id=1
[2022-12-11 00:09:13] [ INFO ] [TurnoService:96] Iniciando la búsqueda de un paciente con id=1
[2022-12-11 00:09:13] [ INFO ] [TurnoService:105] Iniciando la búsqueda de todos los turnos
[2022-12-11 00:09:13] [ INFO ] [PacienteService:23] Se registró un nuevo paciente
[2022-12-11 00:09:13] [ INFO ] [OdontologoService:25] Se ha registrado exitosamente un nuevo odontólogo
[2022-12-11 00:09:13] [ INFO ] [TurnoService:67] Se registró un nuevo turno con id=1
[2022-12-11 00:09:13] [ INFO ] [PacienteService:31] Iniciando la búsqueda de un paciente con id=1
[2022-12-11 00:09:13] [ INFO ] [OdontologoService:33] Iniciando la búsqueda de un paciente con id=1
[2022-12-11 00:09:13] [ INFO ] [TurnoService:77] Se encontró un turno con id=1
[2022-12-11 00:09:13] [ INFO ] [TurnoService:116] Iniciando la actualización del turno con id=1
[2022-12-11 00:09:13] [ INFO ] [PacienteService:31] Iniciando la búsqueda de un paciente con id=1
[2022-12-11 00:09:13] [ INFO ] [OdontologoService:33] Iniciando la búsqueda de un paciente con id=1
[2022-12-11 00:09:13] [ INFO ] [TurnoService:77] Se encontró un turno con id=1
[2022-12-11 00:09:13] [ INFO ] [PacienteService:31] Iniciando la búsqueda de un paciente con id=1
[2022-12-11 00:09:13] [ INFO ] [OdontologoService:33] Iniciando la búsqueda de un paciente con id=1
[2022-12-11 00:09:13] [ INFO ] [TurnoService:77] Se encontró un turno con id=1
[2022-12-11 00:09:13] [ INFO ] [TurnoService:121] Se eliminó al turno con id=1
[2022-12-11 00:15:26] [ INFO ] [PacienteService:23] Se registró un nuevo paciente
[2022-12-11 00:15:26] [ INFO ] [OdontologoService:25] Se ha registrado exitosamente un nuevo odontólogo
[2022-12-11 00:15:26] [ INFO ] [TurnoService:68] Se registró un nuevo turno con id=null
[2022-12-11 00:15:26] [ INFO ] [PacienteService:31] Iniciando la búsqueda de un paciente con id=1
[2022-12-11 00:15:26] [ INFO ] [OdontologoService:33] Iniciando la búsqueda de un paciente con id=1
[2022-12-11 00:15:26] [ INFO ] [TurnoService:78] Se encontró un turno con id=1
[2022-12-11 00:15:26] [ INFO ] [TurnoService:88] Iniciando la búsqueda de un odontólogo con id=1
[2022-12-11 00:15:26] [ INFO ] [TurnoService:97] Iniciando la búsqueda de un paciente con id=1
[2022-12-11 00:15:26] [ INFO ] [TurnoService:106] Iniciando la búsqueda de todos los turnos
[2022-12-11 00:15:26] [ INFO ] [PacienteService:23] Se registró un nuevo paciente
[2022-12-11 00:15:26] [ INFO ] [OdontologoService:25] Se ha registrado exitosamente un nuevo odontólogo
[2022-12-11 00:15:26] [ INFO ] [TurnoService:68] Se registró un nuevo turno con id=1
[2022-12-11 00:15:26] [ INFO ] [PacienteService:31] Iniciando la búsqueda de un paciente con id=1
[2022-12-11 00:15:26] [ INFO ] [OdontologoService:33] Iniciando la búsqueda de un paciente con id=1
[2022-12-11 00:15:26] [ INFO ] [TurnoService:78] Se encontró un turno con id=1
[2022-12-11 00:15:26] [ INFO ] [TurnoService:117] Iniciando la actualización del turno con id=1
[2022-12-11 00:15:26] [ INFO ] [PacienteService:31] Iniciando la búsqueda de un paciente con id=1
[2022-12-11 00:15:26] [ INFO ] [OdontologoService:33] Iniciando la búsqueda de un paciente con id=1
[2022-12-11 00:15:26] [ INFO ] [TurnoService:78] Se encontró un turno con id=1
[2022-12-11 00:15:26] [ INFO ] [PacienteService:31] Iniciando la búsqueda de un paciente con id=1
[2022-12-11 00:15:26] [ INFO ] [OdontologoService:33] Iniciando la búsqueda de un paciente con id=1
[2022-12-11 00:15:26] [ INFO ] [TurnoService:78] Se encontró un turno con id=1
[2022-12-11 00:15:26] [ INFO ] [TurnoService:122] Se eliminó al turno con id=1
[2022-12-11 14:41:47] [ INFO ] [PacienteService:23] Se registró un nuevo paciente
[2022-12-11 14:41:47] [ INFO ] [OdontologoService:25] Se ha registrado exitosamente un nuevo odontólogo
[2022-12-11 14:41:47] [ INFO ] [TurnoService:67] Se registró un nuevo turno con id=null
[2022-12-11 14:41:47] [ INFO ] [PacienteService:31] Iniciando la búsqueda de un paciente con id=1
[2022-12-11 14:41:47] [ INFO ] [OdontologoService:33] Iniciando la búsqueda de un paciente con id=1
[2022-12-11 14:41:47] [ INFO ] [TurnoService:77] Se encontró un turno con id=1
[2022-12-11 14:41:47] [ INFO ] [TurnoService:87] Iniciando la búsqueda de un odontólogo con id=1
[2022-12-11 14:41:47] [ INFO ] [TurnoService:96] Iniciando la búsqueda de un paciente con id=1
[2022-12-11 14:41:47] [ INFO ] [TurnoService:105] Iniciando la búsqueda de todos los turnos
[2022-12-11 14:41:47] [ INFO ] [PacienteService:23] Se registró un nuevo paciente
[2022-12-11 14:41:47] [ INFO ] [OdontologoService:25] Se ha registrado exitosamente un nuevo odontólogo
[2022-12-11 14:41:47] [ INFO ] [TurnoService:67] Se registró un nuevo turno con id=1
[2022-12-11 14:41:47] [ INFO ] [PacienteService:31] Iniciando la búsqueda de un paciente con id=1
[2022-12-11 14:41:47] [ INFO ] [OdontologoService:33] Iniciando la búsqueda de un paciente con id=1
[2022-12-11 14:41:47] [ INFO ] [TurnoService:77] Se encontró un turno con id=1
[2022-12-11 14:41:47] [ INFO ] [TurnoService:116] Iniciando la actualización del turno con id=1
[2022-12-11 14:41:47] [ INFO ] [PacienteService:31] Iniciando la búsqueda de un paciente con id=1
[2022-12-11 14:41:47] [ INFO ] [OdontologoService:33] Iniciando la búsqueda de un paciente con id=1
[2022-12-11 14:41:47] [ INFO ] [TurnoService:77] Se encontró un turno con id=1
[2022-12-11 14:41:47] [ INFO ] [PacienteService:31] Iniciando la búsqueda de un paciente con id=1
[2022-12-11 14:41:47] [ INFO ] [OdontologoService:33] Iniciando la búsqueda de un paciente con id=1
[2022-12-11 14:41:47] [ INFO ] [TurnoService:77] Se encontró un turno con id=1
[2022-12-11 14:41:47] [ INFO ] [TurnoService:121] Se eliminó al turno con id=1
[2022-12-11 14:47:42] [ INFO ] [PacienteService:47] Iniciando la búsqueda de todos los pacientes
